\BOOKMARK [0][-]{chapter*.1}{\376\377\144\130\211\201}{}% 1
\BOOKMARK [0][-]{chapter.1}{\376\377\117\134\124\301\151\202\217\360}{}% 2
\BOOKMARK [1][-]{section.1.1}{\376\377\170\024\172\166\200\314\146\157}{chapter.1}% 3
\BOOKMARK [1][-]{section.1.2}{\376\377\227\000\154\102\122\006\147\220}{chapter.1}% 4
\BOOKMARK [1][-]{section.1.3}{\376\377\230\171\166\356\166\356\150\007}{chapter.1}% 5
\BOOKMARK [1][-]{section.1.4}{\376\377\166\370\121\163\135\345\117\134}{chapter.1}% 6
\BOOKMARK [1][-]{section.1.5}{\376\377\136\224\165\050\122\115\146\157}{chapter.1}% 7
\BOOKMARK [0][-]{chapter.2}{\376\377\117\134\124\301\213\276\213\241\116\016\133\236\163\260}{}% 8
\BOOKMARK [1][-]{section.2.1}{\376\377\140\073\117\123\147\266\147\204}{chapter.2}% 9
\BOOKMARK [1][-]{section.2.2}{\376\377\122\237\200\375\152\041\127\127\122\022\122\006}{chapter.2}% 10
\BOOKMARK [1][-]{section.2.3}{\376\377\150\070\137\303\145\160\143\156\176\323\147\204}{chapter.2}% 11
\BOOKMARK [2][-]{subsection.2.3.1}{\376\377\124\016\172\357\000L\000e\000g\000a\000c\000y\000P\000l\000a\000n\176\323\147\204}{section.2.3}% 12
\BOOKMARK [2][-]{subsection.2.3.2}{\376\377\000S\000h\000a\000r\000e\116\016\000S\000t\000o\000r\000e\000d\000S\000h\000a\000r\000e\166\204\135\356\122\006\213\276\213\241}{section.2.3}% 13
\BOOKMARK [2][-]{subsection.2.3.3}{\376\377\000I\000n\000h\000e\000r\000i\000t\000a\000n\000c\000e\000R\000e\000q\000u\000e\000s\000t\176\323\147\204}{section.2.3}% 14
\BOOKMARK [1][-]{section.2.4}{\376\377\122\033\136\372\220\127\116\247\213\241\122\022\133\214\145\164\155\101\172\013}{chapter.2}% 15
\BOOKMARK [2][-]{subsection.2.4.1}{\376\377\122\115\172\357\131\032\153\145\232\244\124\021\133\374}{section.2.4}% 16
\BOOKMARK [2][-]{subsection.2.4.2}{\376\377\124\016\172\357\122\033\136\372\155\101\172\013}{section.2.4}% 17
\BOOKMARK [2][-]{subsection.2.4.3}{\376\377\122\033\136\372\213\241\122\022\121\163\225\056\116\343\170\001}{section.2.4}% 18
\BOOKMARK [1][-]{section.2.5}{\376\377\000S\000h\000a\000m\000i\000r\171\330\133\306\121\161\116\253\133\236\163\260}{chapter.2}% 19
\BOOKMARK [2][-]{subsection.2.5.1}{\376\377\145\160\133\146\123\237\164\006}{section.2.5}% 20
\BOOKMARK [2][-]{subsection.2.5.2}{\376\377\116\343\170\001\133\236\163\260}{section.2.5}% 21
\BOOKMARK [2][-]{subsection.2.5.3}{\376\377\226\217\147\072\150\007\221\317\165\037\142\020}{section.2.5}% 22
\BOOKMARK [1][-]{section.2.6}{\376\377\000P\000e\000d\000e\000r\000s\000e\000n\124\014\140\001\142\177\213\372\116\016\123\314\131\032\230\171\137\017\176\323\147\204}{chapter.2}% 23
\BOOKMARK [2][-]{subsection.2.6.1}{\376\377\000P\000e\000d\000e\000r\000s\000e\000n\124\014\140\001\142\177\213\372}{section.2.6}% 24
\BOOKMARK [2][-]{subsection.2.6.2}{\376\377\123\314\131\032\230\171\137\017\116\375\230\235\176\323\147\204}{section.2.6}% 25
\BOOKMARK [2][-]{subsection.2.6.3}{\376\377\124\014\140\001\116\375\230\235\122\067\145\260\377\010\226\366\124\214\131\032\230\171\137\017\377\011}{section.2.6}% 26
\BOOKMARK [1][-]{section.2.7}{\376\377\123\357\232\214\213\301\171\330\133\306\121\161\116\253\116\016\226\366\167\345\213\306\213\301\146\016}{chapter.2}% 27
\BOOKMARK [2][-]{subsection.2.7.1}{\376\377\173\054\116\000\134\102\377\032\116\375\230\235\142\177\213\372\232\214\213\301}{section.2.7}% 28
\BOOKMARK [2][-]{subsection.2.7.2}{\376\377\173\054\116\214\134\102\377\032\000P\000e\000d\000e\000r\000s\000e\000n\124\014\140\001\142\177\213\372\232\214\213\301}{section.2.7}% 29
\BOOKMARK [2][-]{subsection.2.7.3}{\376\377\000S\000c\000h\000n\000o\000r\000r\226\366\167\345\213\306\213\301\146\016\377\010\147\052\147\145\142\151\134\125\145\271\124\021\377\011}{section.2.7}% 30
\BOOKMARK [2][-]{subsection.2.7.4}{\376\377\176\374\124\010\232\214\213\301\155\101\172\013}{section.2.7}% 31
\BOOKMARK [1][-]{section.2.8}{\376\377\000V\000S\000S\116\016\147\052\147\145\142\151\134\125\377\032\000S\000c\000h\000n\000o\000r\000r\123\117\213\256\116\244\116\222\145\366\136\217}{chapter.2}% 32
\BOOKMARK [1][-]{section.2.9}{\376\377\215\104\116\247\122\240\133\306\116\016\140\142\131\015}{chapter.2}% 33
\BOOKMARK [2][-]{subsection.2.9.1}{\376\377\122\240\133\306\134\102\213\276\213\241}{section.2.9}% 34
\BOOKMARK [2][-]{subsection.2.9.2}{\376\377\225\350\226\120\134\102\213\276\213\241}{section.2.9}% 35
\BOOKMARK [2][-]{subsection.2.9.3}{\376\377\140\142\131\015\224\376\215\357}{section.2.9}% 36
\BOOKMARK [1][-]{section.2.10}{\376\377\211\346\123\321\152\041\137\017\213\276\213\241}{chapter.2}% 37
\BOOKMARK [2][-]{subsection.2.10.1}{\376\377\124\016\172\357\211\346\123\321\152\041\137\017}{section.2.10}% 38
\BOOKMARK [2][-]{subsection.2.10.2}{\376\377\146\172\200\375\124\010\176\246\211\346\123\321\152\041\137\017}{section.2.10}% 39
\BOOKMARK [1][-]{section.2.11}{\376\377\124\016\172\357\000A\000P\000I\213\276\213\241}{chapter.2}% 40
\BOOKMARK [2][-]{subsection.2.11.1}{\376\377\133\214\145\164\143\245\123\343\122\027\210\150}{section.2.11}% 41
\BOOKMARK [2][-]{subsection.2.11.2}{\376\377\000E\000x\000p\000r\000e\000s\000s\136\224\165\050\122\035\131\313\123\026}{section.2.11}% 42
\BOOKMARK [1][-]{section.2.12}{\376\377\146\172\200\375\124\010\176\246\213\276\213\241}{chapter.2}% 43
\BOOKMARK [2][-]{subsection.2.12.1}{\376\377\145\160\143\156\176\323\147\204}{section.2.12}% 44
\BOOKMARK [2][-]{subsection.2.12.2}{\376\377\162\266\140\001\147\072\213\276\213\241}{section.2.12}% 45
\BOOKMARK [2][-]{subsection.2.12.3}{\376\377\150\070\137\303\121\375\145\160\133\236\163\260}{section.2.12}% 46
\BOOKMARK [2][-]{subsection.2.12.4}{\376\377\124\010\176\246\133\211\121\150\122\006\147\220}{section.2.12}% 47
\BOOKMARK [2][-]{subsection.2.12.5}{\376\377\124\010\176\246\142\151\134\125\145\271\124\021}{section.2.12}% 48
\BOOKMARK [1][-]{section.2.13}{\376\377\133\306\170\001\133\146\152\041\127\127\166\204\133\211\121\150\217\271\165\114\122\006\147\220}{chapter.2}% 49
\BOOKMARK [2][-]{subsection.2.13.1}{\376\377\226\217\147\072\145\160\165\037\142\020\166\204\133\211\121\150\140\047}{section.2.13}% 50
\BOOKMARK [2][-]{subsection.2.13.2}{\376\377\171\301\224\245\147\120\145\231\166\204\165\037\124\175\124\150\147\037}{section.2.13}% 51
\BOOKMARK [2][-]{subsection.2.13.3}{\376\377\151\055\127\006\146\362\176\277\217\320\173\227\166\204\153\143\170\156\140\047}{section.2.13}% 52
\BOOKMARK [2][-]{subsection.2.13.4}{\376\377\116\343\170\001\215\050\221\317\116\016\133\211\121\150\133\241\213\241\211\201\160\271}{section.2.13}% 53
\BOOKMARK [2][-]{subsection.2.13.5}{\376\377\116\016\117\040\176\337\000S\000S\000S\133\236\163\260\166\204\121\174\133\271\140\047}{section.2.13}% 54
\BOOKMARK [1][-]{section.2.14}{\376\377\122\115\172\357\116\244\116\222\213\276\213\241\116\016\176\304\116\366\147\266\147\204}{chapter.2}% 55
\BOOKMARK [2][-]{subsection.2.14.1}{\376\377\122\115\172\357\142\200\147\057\150\010\116\016\230\171\166\356\176\323\147\204}{section.2.14}% 56
\BOOKMARK [2][-]{subsection.2.14.2}{\376\377\230\165\227\142\133\374\202\052\176\323\147\204}{section.2.14}% 57
\BOOKMARK [2][-]{subsection.2.14.3}{\376\377\122\115\172\357\000A\000P\000I\147\015\122\241\134\102}{section.2.14}% 58
\BOOKMARK [2][-]{subsection.2.14.4}{\376\377\176\304\116\366\147\266\147\204}{section.2.14}% 59
\BOOKMARK [2][-]{subsection.2.14.5}{\376\377\122\115\172\357\000A\000P\000I\147\015\122\241\134\102}{section.2.14}% 60
\BOOKMARK [2][-]{subsection.2.14.6}{\376\377\122\115\172\357\162\266\140\001\173\241\164\006\173\126\165\145}{section.2.14}% 61
\BOOKMARK [2][-]{subsection.2.14.7}{\376\377\122\115\172\357\133\211\121\150\147\000\117\163\133\236\215\365}{section.2.14}% 62
\BOOKMARK [1][-]{section.2.15}{\376\377\124\016\172\357\147\015\122\241\166\204\213\276\213\241\152\041\137\017}{chapter.2}% 63
\BOOKMARK [2][-]{subsection.2.15.1}{\376\377\116\323\120\250\152\041\137\017\377\010\000R\000e\000p\000o\000s\000i\000t\000o\000r\000y\000\040\000P\000a\000t\000t\000e\000r\000n\377\011}{section.2.15}% 64
\BOOKMARK [2][-]{subsection.2.15.2}{\376\377\135\345\123\202\145\271\154\325\377\010\000F\000a\000c\000t\000o\000r\000y\000\040\000M\000e\000t\000h\000o\000d\377\011}{section.2.15}% 65
\BOOKMARK [2][-]{subsection.2.15.3}{\376\377\211\302\133\337\200\005\152\041\137\017\377\010\000O\000b\000s\000e\000r\000v\000e\000r\000\040\000P\000a\000t\000t\000e\000r\000n\377\011}{section.2.15}% 66
\BOOKMARK [2][-]{subsection.2.15.4}{\376\377\232\214\213\301\126\150\224\376\377\010\000V\000a\000l\000i\000d\000a\000t\000o\000r\000\040\000C\000h\000a\000i\000n\377\011}{section.2.15}% 67
\BOOKMARK [2][-]{subsection.2.15.5}{\376\377\152\041\147\177\145\271\154\325\377\010\000T\000e\000m\000p\000l\000a\000t\000e\000\040\000M\000e\000t\000h\000o\000d\377\011}{section.2.15}% 68
\BOOKMARK [2][-]{subsection.2.15.6}{\376\377\173\126\165\145\152\041\137\017\377\010\000S\000t\000r\000a\000t\000e\000g\000y\000\040\000P\000a\000t\000t\000e\000r\000n\377\011\166\204\157\134\127\050\136\224\165\050}{section.2.15}% 69
\BOOKMARK [1][-]{section.2.16}{\376\377\000A\000I\122\251\142\113\133\236\163\260}{chapter.2}% 70
\BOOKMARK [2][-]{subsection.2.16.1}{\376\377\141\017\126\376\213\306\122\053\137\025\144\316}{section.2.16}% 71
\BOOKMARK [2][-]{subsection.2.16.2}{\376\377\133\371\213\335\162\266\140\001\173\241\164\006}{section.2.16}% 72
\BOOKMARK [2][-]{subsection.2.16.3}{\376\377\124\175\116\344\142\147\210\114\173\241\220\123}{section.2.16}% 73
\BOOKMARK [1][-]{section.2.17}{\376\377\220\256\116\366\220\032\167\345\174\373\176\337}{chapter.2}% 74
\BOOKMARK [2][-]{subsection.2.17.1}{\376\377\220\256\116\366\123\321\220\001\147\266\147\204}{section.2.17}% 75
\BOOKMARK [2][-]{subsection.2.17.2}{\376\377\220\256\116\366\220\032\167\345\211\346\123\321\160\271}{section.2.17}% 76
\BOOKMARK [1][-]{section.2.18}{\376\377\147\011\226\120\127\337\152\041\217\320\173\227\133\236\163\260}{chapter.2}% 77
\BOOKMARK [2][-]{subsection.2.18.1}{\376\377\152\041\217\320\173\227\127\372\170\100\121\375\145\160}{section.2.18}% 78
\BOOKMARK [2][-]{subsection.2.18.2}{\376\377\127\337\123\302\145\160\220\011\142\351}{section.2.18}% 79
\BOOKMARK [1][-]{section.2.19}{\376\377\165\050\142\067\213\244\213\301\116\016\133\306\224\245\155\076\165\037}{chapter.2}% 80
\BOOKMARK [1][-]{section.2.20}{\376\377\137\000\123\321\163\257\130\203\116\016\135\345\172\013\173\241\164\006}{chapter.2}% 81
\BOOKMARK [2][-]{subsection.2.20.1}{\376\377\000M\000o\000n\000o\000r\000e\000p\000o\230\171\166\356\176\304\176\307}{section.2.20}% 82
\BOOKMARK [2][-]{subsection.2.20.2}{\376\377\142\200\147\057\117\235\215\126\116\016\162\110\147\054\173\241\164\006}{section.2.20}% 83
\BOOKMARK [2][-]{subsection.2.20.3}{\376\377\137\000\123\321\135\345\117\134\155\101}{section.2.20}% 84
\BOOKMARK [1][-]{section.2.21}{\376\377\220\350\177\162\147\266\147\204\116\016\165\037\116\247\123\026\215\357\137\204}{chapter.2}% 85
\BOOKMARK [2][-]{subsection.2.21.1}{\376\377\133\271\126\150\123\026\220\350\177\162\145\271\150\110}{section.2.21}% 86
\BOOKMARK [2][-]{subsection.2.21.2}{\376\377\133\211\121\150\122\240\126\372\136\372\213\256}{section.2.21}% 87
\BOOKMARK [2][-]{subsection.2.21.3}{\376\377\166\321\143\247\116\016\217\320\176\364}{section.2.21}% 88
\BOOKMARK [1][-]{section.2.22}{\376\377\174\373\176\337\133\214\145\164\165\037\124\175\124\150\147\037\116\016\145\160\143\156\155\101}{chapter.2}% 89
\BOOKMARK [0][-]{chapter.3}{\376\377\117\134\124\301\155\113\213\325\116\016\122\006\147\220}{}% 90
\BOOKMARK [1][-]{section.3.1}{\376\377\155\113\213\325\163\257\130\203\116\016\135\345\121\167\224\376}{chapter.3}% 91
\BOOKMARK [2][-]{subsection.3.1.1}{\376\377\137\000\123\321\116\016\155\113\213\325\163\257\130\203}{section.3.1}% 92
\BOOKMARK [1][-]{section.3.2}{\376\377\155\113\213\325\173\126\165\145\116\016\134\102\153\041}{chapter.3}% 93
\BOOKMARK [1][-]{section.3.3}{\376\377\150\070\137\303\155\113\213\325\165\050\117\213}{chapter.3}% 94
\BOOKMARK [1][-]{section.3.4}{\376\377\124\010\176\246\155\113\213\325\133\236\163\260}{chapter.3}% 95
\BOOKMARK [1][-]{section.3.5}{\376\377\133\211\121\150\140\047\122\006\147\220}{chapter.3}% 96
\BOOKMARK [2][-]{subsection.3.5.1}{\376\377\132\001\200\301\152\041\127\213}{section.3.5}% 97
\BOOKMARK [2][-]{subsection.3.5.2}{\376\377\132\001\200\301\226\062\142\244\167\351\226\065}{section.3.5}% 98
\BOOKMARK [2][-]{subsection.3.5.3}{\376\377\133\211\121\150\134\136\140\047\166\204\137\142\137\017\123\026\210\150\217\360}{section.3.5}% 99
\BOOKMARK [2][-]{subsection.3.5.4}{\376\377\121\163\225\056\133\211\121\150\134\136\140\047\232\214\213\301}{section.3.5}% 100
\BOOKMARK [2][-]{subsection.3.5.5}{\376\377\145\073\121\373\215\357\137\204\122\006\147\220}{section.3.5}% 101
\BOOKMARK [2][-]{subsection.3.5.6}{\376\377\133\306\170\001\133\146\133\211\121\150\137\072\136\246\122\006\147\220}{section.3.5}% 102
\BOOKMARK [1][-]{section.3.6}{\376\377\133\306\170\001\133\146\122\237\200\375\153\143\170\156\140\047\232\214\213\301}{chapter.3}% 103
\BOOKMARK [2][-]{subsection.3.6.1}{\376\377\000S\000h\000a\000m\000i\000r\171\330\133\306\121\161\116\253\153\143\170\156\140\047}{section.3.6}% 104
\BOOKMARK [2][-]{subsection.3.6.2}{\376\377\124\014\140\001\122\067\145\260\153\143\170\156\140\047\232\214\213\301}{section.3.6}% 105
\BOOKMARK [2][-]{subsection.3.6.3}{\376\377\116\073\142\177\213\372\124\014\140\001\232\214\213\301\174\276\136\246\155\113\213\325}{section.3.6}% 106
\BOOKMARK [2][-]{subsection.3.6.4}{\376\377\133\306\170\001\133\146\144\315\117\134\140\047\200\375\127\372\121\306}{section.3.6}% 107
\BOOKMARK [2][-]{subsection.3.6.5}{\376\377\211\304\152\041\142\151\134\125\140\047\155\113\213\325}{section.3.6}% 108
\BOOKMARK [2][-]{subsection.3.6.6}{\376\377\000A\000P\000I\124\315\136\224\145\366\225\364\155\113\213\325}{section.3.6}% 109
\BOOKMARK [2][-]{subsection.3.6.7}{\376\377\220\256\116\366\152\041\147\177\165\037\142\020\140\047\200\375}{section.3.6}% 110
\BOOKMARK [1][-]{section.3.7}{\376\377\140\047\200\375\122\006\147\220}{chapter.3}% 111
\BOOKMARK [2][-]{subsection.3.7.1}{\376\377\213\241\173\227\137\000\225\000\122\006\136\003}{section.3.7}% 112
\BOOKMARK [2][-]{subsection.3.7.2}{\376\377\133\130\120\250\122\006\147\220}{section.3.7}% 113
\BOOKMARK [2][-]{subsection.3.7.3}{\376\377\136\166\123\321\133\211\121\150\122\006\147\220}{section.3.7}% 114
\BOOKMARK [2][-]{subsection.3.7.4}{\376\377\177\121\176\334\220\032\117\341\133\211\121\150}{section.3.7}% 115
\BOOKMARK [2][-]{subsection.3.7.5}{\376\377\226\220\171\301\117\335\142\244\130\236\137\072\145\271\124\021}{section.3.7}% 116
\BOOKMARK [2][-]{subsection.3.7.6}{\376\377\123\072\127\127\224\376\134\102\176\247\166\204\133\211\121\150\200\003\221\317}{section.3.7}% 117
\BOOKMARK [0][-]{chapter.4}{\376\377\122\033\145\260\140\047\213\364\146\016}{}% 118
\BOOKMARK [1][-]{section.4.1}{\376\377\127\072\146\157\122\033\145\260\377\032\145\160\133\127\220\127\116\247\121\150\165\037\124\175\124\150\147\037\152\041\127\213}{chapter.4}% 119
\BOOKMARK [1][-]{section.4.2}{\376\377\142\200\147\057\122\033\145\260\377\032\123\314\134\102\123\357\232\214\213\301\171\330\133\306\121\161\116\253\147\072\122\066}{chapter.4}% 120
\BOOKMARK [1][-]{section.4.3}{\376\377\135\345\172\013\122\033\145\260\377\032\121\150\150\010\133\211\121\150\135\345\172\013\133\236\215\365}{chapter.4}% 121
\BOOKMARK [1][-]{section.4.4}{\376\377\123\357\142\151\134\125\140\047\122\033\145\260}{chapter.4}% 122
\BOOKMARK [1][-]{section.4.5}{\376\377\116\016\163\260\147\011\145\271\150\110\166\204\213\346\176\306\133\371\153\324}{chapter.4}% 123
\BOOKMARK [1][-]{section.4.6}{\376\377\135\345\172\013\133\236\163\260\166\204\122\033\145\260\116\367\120\074}{chapter.4}% 124
\BOOKMARK [1][-]{section.4.7}{\376\377\171\076\117\032\116\367\120\074\116\016\136\224\165\050\122\115\146\157\134\125\147\033}{chapter.4}% 125
\BOOKMARK [0][-]{chapter.5}{\376\377\140\073\176\323}{}% 126
\BOOKMARK [1][-]{section.5.1}{\376\377\135\345\117\134\140\073\176\323}{chapter.5}% 127
\BOOKMARK [1][-]{section.5.2}{\376\377\116\015\215\263\116\016\134\125\147\033}{chapter.5}% 128
\BOOKMARK [1][-]{section.5.3}{\376\377\172\336\215\133\157\024\171\072\145\271\150\110}{chapter.5}% 129
\BOOKMARK [2][-]{subsection.5.3.1}{\376\377\157\024\171\072\127\072\146\157\116\000\377\032\153\143\136\070\122\033\136\372\116\016\176\347\142\177\155\101\172\013}{section.5.3}% 130
\BOOKMARK [2][-]{subsection.5.3.2}{\376\377\157\024\171\072\127\072\146\157\116\214\377\032\117\052\220\040\116\375\230\235\142\322\176\335}{section.5.3}% 131
\BOOKMARK [2][-]{subsection.5.3.3}{\376\377\157\024\171\072\127\072\146\157\116\011\377\032\145\366\225\364\225\001\143\320\122\115\211\346\123\321\142\322\176\335}{section.5.3}% 132
\BOOKMARK [2][-]{subsection.5.3.4}{\376\377\157\024\171\072\127\072\146\157\126\333\377\032\147\052\217\276\225\350\226\120\140\142\131\015\142\322\176\335}{section.5.3}% 133
\BOOKMARK [2][-]{subsection.5.3.5}{\376\377\157\024\171\072\127\072\146\157\116\224\377\032\000A\000I\122\251\142\113\137\025\133\374\144\315\117\134}{section.5.3}% 134
\BOOKMARK [2][-]{subsection.5.3.6}{\376\377\157\024\171\072\142\200\147\057\121\306\131\007}{section.5.3}% 135
\BOOKMARK [2][-]{subsection.5.3.7}{\376\377\157\024\171\072\201\032\147\054\171\072\117\213}{section.5.3}% 136
\BOOKMARK [0][-]{chapter*.36}{\376\377\123\302\200\003\145\207\163\056}{}% 137
