\BOOKMARK [1][-]{section.1}{\376\377\137\025\212\000}{}% 1
\BOOKMARK [2][-]{subsection.1.1}{\376\377\170\024\172\166\200\314\146\157}{section.1}% 2
\BOOKMARK [2][-]{subsection.1.2}{\376\377\163\260\147\011\145\271\150\110\123\312\121\166\134\100\226\120\140\047}{section.1}% 3
\BOOKMARK [2][-]{subsection.1.3}{\376\377\147\054\145\207\215\041\163\056}{section.1}% 4
\BOOKMARK [2][-]{subsection.1.4}{\376\377\213\272\145\207\176\304\176\307}{section.1}% 5
\BOOKMARK [1][-]{section.2}{\376\377\200\314\146\157\167\345\213\306\116\016\166\370\121\163\135\345\117\134}{}% 6
\BOOKMARK [2][-]{subsection.2.1}{\376\377\133\306\170\001\133\146\127\372\170\100}{section.2}% 7
\BOOKMARK [3][-]{subsubsection.2.1.1}{\376\377\000S\000h\000a\000m\000i\000r\000\040\171\330\133\306\121\161\116\253}{subsection.2.1}% 8
\BOOKMARK [3][-]{subsubsection.2.1.2}{\376\377\000P\000e\000d\000e\000r\000s\000e\000n\000\040\142\177\213\372}{subsection.2.1}% 9
\BOOKMARK [3][-]{subsubsection.2.1.3}{\376\377\151\055\127\006\146\362\176\277\133\306\170\001\133\146}{subsection.2.1}% 10
\BOOKMARK [2][-]{subsection.2.2}{\376\377\163\260\147\011\145\160\133\127\215\104\116\247\176\347\142\177\145\271\150\110}{section.2}% 11
\BOOKMARK [1][-]{section.3}{\376\377\174\373\176\337\213\276\213\241}{}% 12
\BOOKMARK [2][-]{subsection.3.1}{\376\377\213\276\213\241\166\356\150\007}{section.3}% 13
\BOOKMARK [2][-]{subsection.3.2}{\376\377\174\373\176\337\147\266\147\204}{section.3}% 14
\BOOKMARK [2][-]{subsection.3.3}{\376\377\133\211\121\150\152\041\127\213}{section.3}% 15
\BOOKMARK [2][-]{subsection.3.4}{\376\377\123\117\213\256\155\101\172\013}{section.3}% 16
\BOOKMARK [1][-]{section.4}{\376\377\142\200\147\057\133\236\163\260}{}% 17
\BOOKMARK [2][-]{subsection.4.1}{\376\377\133\306\170\001\133\146\150\070\137\303\152\041\127\127}{section.4}% 18
\BOOKMARK [3][-]{subsubsection.4.1.1}{\376\377\123\314\131\032\230\171\137\017\116\375\230\235\165\037\142\020}{subsection.4.1}% 19
\BOOKMARK [3][-]{subsubsection.4.1.2}{\376\377\124\014\140\001\116\375\230\235\122\067\145\260}{subsection.4.1}% 20
\BOOKMARK [3][-]{subsubsection.4.1.3}{\376\377\000P\000e\000d\000e\000r\000s\000e\000n\000\040\142\177\213\372\232\214\213\301}{subsection.4.1}% 21
\BOOKMARK [3][-]{subsubsection.4.1.4}{\376\377\116\073\142\177\213\372\124\014\140\001\232\214\213\301}{subsection.4.1}% 22
\BOOKMARK [2][-]{subsection.4.2}{\376\377\124\016\172\357\116\032\122\241\220\073\217\221\152\041\127\127}{section.4}% 23
\BOOKMARK [2][-]{subsection.4.3}{\376\377\122\115\172\357\122\237\200\375\152\041\127\127}{section.4}% 24
\BOOKMARK [2][-]{subsection.4.4}{\376\377\220\256\116\366\147\015\122\241\152\041\127\127}{section.4}% 25
\BOOKMARK [1][-]{section.5}{\376\377\133\211\121\150\140\047\122\006\147\220}{}% 26
\BOOKMARK [2][-]{subsection.5.1}{\376\377\133\211\121\150\152\041\127\213}{section.5}% 27
\BOOKMARK [2][-]{subsection.5.2}{\376\377\133\211\121\150\140\047\130\360\146\016}{section.5}% 28
\BOOKMARK [2][-]{subsection.5.3}{\376\377\132\001\200\301\152\041\127\213\122\006\147\220}{section.5}% 29
\BOOKMARK [2][-]{subsection.5.4}{\376\377\116\016\163\260\147\011\145\271\150\110\166\204\133\371\153\324}{section.5}% 30
\BOOKMARK [1][-]{section.6}{\376\377\133\236\232\214\213\304\117\060}{}% 31
\BOOKMARK [2][-]{subsection.6.1}{\376\377\133\236\232\214\163\257\130\203}{section.6}% 32
\BOOKMARK [2][-]{subsection.6.2}{\376\377\122\237\200\375\153\143\170\156\140\047\232\214\213\301}{section.6}% 33
\BOOKMARK [3][-]{subsubsection.6.2.1}{\376\377\000S\000h\000a\000m\000i\000r\000\040\171\330\133\306\121\161\116\253\153\143\170\156\140\047}{subsection.6.2}% 34
\BOOKMARK [3][-]{subsubsection.6.2.2}{\376\377\124\014\140\001\122\067\145\260\153\143\170\156\140\047\232\214\213\301}{subsection.6.2}% 35
\BOOKMARK [2][-]{subsection.6.3}{\376\377\133\306\170\001\133\146\217\320\173\227\140\047\200\375\155\113\213\325}{section.6}% 36
\BOOKMARK [2][-]{subsection.6.4}{\376\377\211\304\152\041\142\151\134\125\140\047\155\113\213\325}{section.6}% 37
\BOOKMARK [2][-]{subsection.6.5}{\376\377\124\014\140\001\232\214\213\301\174\276\136\246\155\113\213\325}{section.6}% 38
\BOOKMARK [2][-]{subsection.6.6}{\376\377\116\016\163\260\147\011\145\271\150\110\166\204\133\371\153\324\155\113\213\325}{section.6}% 39
\BOOKMARK [1][-]{section.7}{\376\377\140\073\176\323\116\016\134\125\147\033}{}% 40
\BOOKMARK [2][-]{subsection.7.1}{\376\377\135\345\117\134\140\073\176\323}{section.7}% 41
\BOOKMARK [2][-]{subsection.7.2}{\376\377\147\052\147\145\135\345\117\134}{section.7}% 42
